<?xml version="1.0" encoding="UTF-8"?>
<!-- Generated by org.testng.reporters.JUnitXMLReporter -->
<testsuite ignored="0" hostname="home-PC" failures="0" tests="4" name="Default test" time="95.751" errors="0" timestamp="2021-01-16T11:07:53 IST">
  <testcase classname="pom.LoginTest" name="Validateloginwihtblanklogin" time="20.495"/>
  <testcase classname="pom.LoginTest" name="Validateloginwithblankusername" time="20.437"/>
  <testcase classname="pom.LoginTest" name="ValidateloginwithinvalindCredentials" time="1.384"/>
  <testcase classname="pom.LoginTest" name="Validateloginwithpasswordblank" time="20.379"/>
</testsuite> <!-- Default test -->
